<?xml version="1.0" encoding="UTF-8"?>
<!-- Generated by org.testng.reporters.JUnitReportReporter -->
<testsuite hostname="Acer_Nitro" failures="0" tests="1" name="com.Zapproved.tests.AddOrganizationTest" time="263.931" errors="0" timestamp="2022-08-17T23:41:37 IST" skipped="0">
  <testcase classname="com.Zapproved.tests.AddOrganizationTest" name="searchOrganization" time="263.931"/>
  <system-out/>
</testsuite> <!-- com.Zapproved.tests.AddOrganizationTest -->
