<?xml version="1.0" encoding="UTF-8"?>
<!-- Generated by org.testng.reporters.JUnitReportReporter -->
<testsuite hostname="Acer_Nitro" failures="0" tests="1" name="com.Prolution.tests.RFQ_OverviewTest" time="164.918" errors="0" timestamp="14 Jul 2022 12:24:22 GMT" skipped="0">
  <testcase classname="com.Prolution.tests.RFQ_OverviewTest" name="searchRFQsID" time="164.918"/>
</testsuite> <!-- com.Prolution.tests.RFQ_OverviewTest -->
