<?xml version="1.0" encoding="UTF-8"?>
<!-- Generated by org.testng.reporters.JUnitReportReporter -->
<testsuite hostname="Acer-Nitro-5" failures="0" tests="1" name="com.Prolution.tests.CreateRFQTest" time="219.041" errors="0" timestamp="27 May 2022 14:23:49 GMT" skipped="0">
  <testcase classname="com.Prolution.tests.CreateRFQTest" name="CreateRFQWithExistingCustomer" time="219.041"/>
</testsuite> <!-- com.Prolution.tests.CreateRFQTest -->
