<?xml version="1.0" encoding="UTF-8"?>
<!-- Generated by org.testng.reporters.JUnitReportReporter -->
<testsuite hostname="Acer-Nitro-5" failures="0" tests="1" name="com.Prolution.tests.CreateRFQPage3Test" time="207.413" errors="0" timestamp="01 Jun 2022 09:28:54 GMT" skipped="0">
  <testcase classname="com.Prolution.tests.CreateRFQPage3Test" name="rfqcreateandsearch" time="207.413"/>
</testsuite> <!-- com.Prolution.tests.CreateRFQPage3Test -->
