<?xml version="1.0" encoding="UTF-8"?>
<!-- Generated by org.testng.reporters.JUnitReportReporter -->
<testsuite hostname="Acer_Nitro" failures="0" tests="4" name="com.Zapproved.tests.Addorganization2" time="150.404" errors="0" timestamp="2022-08-27T19:31:17 IST" skipped="0">
  <testcase classname="com.Zapproved.tests.Addorganization2" name="addAnOrganisation" time="25.177"/>
  <system-out/>
  <testcase classname="com.Zapproved.tests.Addorganization2" name="searchOrganization" time="32.587"/>
  <system-out/>
  <testcase classname="com.Zapproved.tests.Addorganization2" name="addUserInOrganization" time="48.406"/>
  <system-out/>
  <testcase classname="com.Zapproved.tests.Addorganization2" name="deleteUserFromOrganization" time="44.234"/>
  <system-out/>
</testsuite> <!-- com.Zapproved.tests.Addorganization2 -->
