<?xml version="1.0" encoding="UTF-8"?>
<!-- Generated by org.testng.reporters.JUnitReportReporter -->
<testsuite hostname="Acer-Nitro-5" failures="0" tests="1" name="com.Prolution.tests.CreateRFQPage2Test" time="204.178" errors="0" timestamp="24 May 2022 14:14:42 GMT" skipped="0">
  <testcase classname="com.Prolution.tests.CreateRFQPage2Test" name="CreateRFQWithTwoUnitAndOnePositionEach" time="204.178"/>
</testsuite> <!-- com.Prolution.tests.CreateRFQPage2Test -->
