<?xml version="1.0" encoding="UTF-8"?>
<!-- Generated by org.testng.reporters.JUnitReportReporter -->
<testsuite hostname="Acer_Nitro" failures="0" tests="1" name="com.Nexquare.tests.AddStaffTest" time="204.491" errors="0" timestamp="2022-12-06T12:12:43 IST" skipped="0">
  <testcase classname="com.Nexquare.tests.AddStaffTest" name="feeConfiguration" time="204.491"/>
  <system-out/>
</testsuite> <!-- com.Nexquare.tests.AddStaffTest -->
