<?xml version="1.0" encoding="UTF-8"?>
<!-- Generated by org.testng.reporters.JUnitReportReporter -->
<testsuite hostname="Acer_Nitro" failures="0" tests="1" name="com.Zapproved.tests.CreateUserTest" time="20.990" errors="0" timestamp="2022-08-12T12:27:15 IST" skipped="0">
  <testcase classname="com.Zapproved.tests.CreateUserTest" name="createAnUser" time="20.990"/>
  <system-out/>
</testsuite> <!-- com.Zapproved.tests.CreateUserTest -->
