<?xml version="1.0" encoding="UTF-8"?>
<!-- Generated by org.testng.reporters.JUnitReportReporter -->
<testsuite hostname="DESKTOP-F7INCPP" failures="0" tests="1" name="com.Prolution.tests.RFQOverviewTest" time="38.418" errors="0" timestamp="8 Mar 2022 09:04:00 GMT">
  <testcase classname="com.Prolution.tests.RFQOverviewTest" name="RFQOverview" time="38.418"/>
</testsuite> <!-- com.Prolution.tests.RFQOverviewTest -->
