<?xml version="1.0" encoding="UTF-8"?>
<!-- Generated by org.testng.reporters.JUnitReportReporter -->
<testsuite hostname="Acer_Nitro" failures="0" tests="1" name="com.Prolution.tests.CreateRFQPage1Test" time="61.112" errors="0" timestamp="2022-07-28T12:21:17 IST" skipped="0">
  <testcase classname="com.Prolution.tests.CreateRFQPage1Test" name="RFQWithAllTheMandatoryFieldsBlank" time="61.112"/>
  <system-out/>
</testsuite> <!-- com.Prolution.tests.CreateRFQPage1Test -->
