<?xml version="1.0" encoding="UTF-8"?>
<!-- Generated by org.testng.reporters.JUnitReportReporter -->
<testsuite hostname="Acer_Nitro" failures="0" tests="1" name="com.Zapproved.tests.AddCompanyTest" time="26.067" errors="0" timestamp="2022-08-11T14:45:57 IST" skipped="0">
  <testcase classname="com.Zapproved.tests.AddCompanyTest" name="searchAnOrganisation" time="26.067"/>
  <system-out/>
</testsuite> <!-- com.Zapproved.tests.AddCompanyTest -->
