<?xml version="1.0" encoding="UTF-8"?>
<!-- Generated by org.testng.reporters.JUnitReportReporter -->
<testsuite hostname="Acer_Nitro" failures="0" tests="1" name="com.Zapproved.tests.AddOrganizationTest" time="115.196" errors="0" timestamp="2022-08-19T14:28:46 IST" skipped="0">
  <testcase classname="com.Zapproved.tests.AddOrganizationTest" name="addUserInOrganization" time="115.196"/>
  <system-out/>
</testsuite> <!-- com.Zapproved.tests.AddOrganizationTest -->
