<?xml version="1.0" encoding="UTF-8"?>
<!-- Generated by org.testng.reporters.JUnitReportReporter -->
<testsuite hostname="Acer_Nitro" failures="0" tests="1" name="com.Zapproved.tests.AddOrganizationTest" time="40.741" errors="0" timestamp="2022-08-18T13:18:08 IST" skipped="0">
  <testcase classname="com.Zapproved.tests.AddOrganizationTest" name="addUserInOrganization" time="40.741"/>
  <system-out/>
</testsuite> <!-- com.Zapproved.tests.AddOrganizationTest -->
