<?xml version="1.0" encoding="UTF-8"?>
<!-- Generated by org.testng.reporters.JUnitReportReporter -->
<testsuite hostname="Acer_Nitro" failures="0" tests="1" name="com.Zapproved.tests.AddOrganizationTest" time="28.194" errors="0" timestamp="2022-08-18T09:35:50 IST" skipped="0">
  <testcase classname="com.Zapproved.tests.AddOrganizationTest" name="addAnOrganisation" time="28.194"/>
  <system-out/>
</testsuite> <!-- com.Zapproved.tests.AddOrganizationTest -->
