<?xml version="1.0" encoding="UTF-8"?>
<!-- Generated by org.testng.reporters.JUnitReportReporter -->
<testsuite hostname="DESKTOP-CAUKBV7" name="com.Repairshop.tests.EstimatesTest" tests="1" failures="0" timestamp="22 Feb 2022 09:22:42 GMT" time="40.449" errors="0">
  <testcase name="Login" time="40.449" classname="com.Repairshop.tests.EstimatesTest"/>
</testsuite> <!-- com.Repairshop.tests.EstimatesTest -->
