<?xml version="1.0" encoding="UTF-8"?>
<!-- Generated by org.testng.reporters.JUnitReportReporter -->
<testsuite hostname="Acer_Nitro" failures="0" tests="1" name="End2End.RFQ_E2E" time="469.529" errors="0" timestamp="14 Jul 2022 13:03:03 GMT" skipped="0">
  <testcase classname="End2End.RFQ_E2E" name="RFQ_RoomUpdatePosition" time="469.529"/>
</testsuite> <!-- End2End.RFQ_E2E -->
