<?xml version="1.0" encoding="UTF-8"?>
<!-- Generated by org.testng.reporters.JUnitReportReporter -->
<testsuite hostname="DESKTOP-CAUKBV7" name="com.Repairshop.tests.InvoicesTest" tests="1" failures="0" timestamp="27 Jan 2022 13:43:12 GMT" time="25.182" errors="0">
  <testcase name="GenerateBillingNumberForExistingCustomer" time="25.182" classname="com.Repairshop.tests.InvoicesTest"/>
</testsuite> <!-- com.Repairshop.tests.InvoicesTest -->
