<?xml version="1.0" encoding="UTF-8"?>
<!-- Generated by org.testng.reporters.JUnitReportReporter -->
<testsuite hostname="DESKTOP-F7INCPP" failures="0" tests="1" name="com.Prolution.tests.SupplierDashboardTest" time="94.955" errors="0" timestamp="12 Apr 2022 17:32:05 GMT">
  <testcase classname="com.Prolution.tests.SupplierDashboardTest" name="VerifySupplierStatusFilter" time="94.955"/>
</testsuite> <!-- com.Prolution.tests.SupplierDashboardTest -->
