<?xml version="1.0" encoding="UTF-8"?>
<!-- Generated by org.testng.reporters.JUnitReportReporter -->
<testsuite hostname="Acer_Nitro" failures="0" tests="1" name="com.Prolution.tests.RFQ_RoomTest" time="308.455" errors="0" timestamp="2022-07-28T13:12:21 IST" skipped="0">
  <testcase classname="com.Prolution.tests.RFQ_RoomTest" name="UploadMoreThanTenFiles" time="308.455"/>
  <system-out/>
</testsuite> <!-- com.Prolution.tests.RFQ_RoomTest -->
